c:\code\sdl2game\sdl2game\x64\debug\vc143.pdb
c:\code\sdl2game\sdl2game\x64\debug\vc143.idb
c:\code\sdl2game\sdl2game\x64\debug\assetmanager.obj
c:\code\sdl2game\sdl2game\x64\debug\texturemanager.obj
c:\code\sdl2game\sdl2game\x64\debug\map.obj
c:\code\sdl2game\sdl2game\x64\debug\gamewindow.obj
c:\code\sdl2game\sdl2game\x64\debug\gameobject.obj
c:\code\sdl2game\sdl2game\x64\debug\frame.obj
c:\code\sdl2game\sdl2game\x64\debug\vector2d.obj
c:\code\sdl2game\sdl2game\x64\debug\log.obj
c:\code\sdl2game\sdl2game\x64\debug\input.obj
c:\code\sdl2game\sdl2game\x64\debug\gameplay.obj
c:\code\sdl2game\sdl2game\x64\debug\ecs.obj
c:\code\sdl2game\sdl2game\x64\debug\main.obj
c:\code\sdl2game\sdl2game\x64\debug\collision.obj
c:\code\sdl2game\x64\debug\sdl2game.exe
c:\code\sdl2game\sdl2game\x64\debug\sdl2game.ilk
c:\code\sdl2game\x64\debug\sdl2game.pdb
c:\code\sdl2game\sdl2game\x64\debug\sdl2game.tlog\cl.command.1.tlog
c:\code\sdl2game\sdl2game\x64\debug\sdl2game.tlog\cl.items.tlog
c:\code\sdl2game\sdl2game\x64\debug\sdl2game.tlog\cl.read.1.tlog
c:\code\sdl2game\sdl2game\x64\debug\sdl2game.tlog\cl.write.1.tlog
c:\code\sdl2game\sdl2game\x64\debug\sdl2game.tlog\link.command.1.tlog
c:\code\sdl2game\sdl2game\x64\debug\sdl2game.tlog\link.read.1.tlog
c:\code\sdl2game\sdl2game\x64\debug\sdl2game.tlog\link.write.1.tlog
